<?xml version="1.0" encoding="UTF-8"?>
<!-- Generated by org.testng.reporters.JUnitXMLReporter -->
<testsuite ignored="1" hostname="EPINBANW02C7" failures="0" tests="1" name="Selenium" time="91.587" errors="0" timestamp="2022-03-01T13:30:25 IST">
  <testcase classname="io.cucumber.testng.AbstractTestNGCucumberTests" name="runScenario" time="89.271"/>
  <testcase classname="TestAutomation.BDD.feature.TestUsersPage" name="testDummy" time="0.0">
    <ignored/>
  </testcase> <!-- testDummy -->
</testsuite> <!-- Selenium -->
