<?xml version="1.0" encoding="UTF-8"?>
<!-- Generated by org.testng.reporters.JUnitXMLReporter -->
<testsuite ignored="0" hostname="EPINBANW02C7" failures="0" tests="5" name="AttendanceSheetPage" time="94.916" errors="0" timestamp="2022-03-10T21:08:40 IST">
  <testcase classname="TestAutomation.SeleniumProject.OrangeHRM.TestAttendanceSheetPage" name="testLogin" time="7.029"/>
  <testcase classname="TestAutomation.SeleniumProject.OrangeHRM.TestAttendanceSheetPage" name="testDashboard" time="0.199"/>
  <testcase classname="TestAutomation.SeleniumProject.OrangeHRM.TestAttendanceSheetPage" name="testAttendanceSheet" time="25.337"/>
  <testcase classname="TestAutomation.SeleniumProject.OrangeHRM.TestAttendanceSheetPage" name="testPunchInOut" time="39.008"/>
  <testcase classname="TestAutomation.SeleniumProject.OrangeHRM.TestAttendanceSheetPage" name="testTotalTime" time="16.206"/>
</testsuite> <!-- AttendanceSheetPage -->
