<?xml version="1.0" encoding="UTF-8"?>
<testng-results ignored="0" total="7" passed="7" failed="0" skipped="0">
  <reporter-output>
  </reporter-output>
  <suite started-at="2022-02-10T22:24:39 IST" name="Default suite" finished-at="2022-02-10T22:24:39 IST" duration-ms="67">
    <groups>
    </groups>
    <test started-at="2022-02-10T22:24:39 IST" name="Default test" finished-at="2022-02-10T22:24:39 IST" duration-ms="67">
      <class name="TestAutomation.testng.TestLibrary">
        <test-method is-config="true" signature="initializeLibrary()[pri:0, instance:TestAutomation.testng.TestLibrary@50ad3bc1]" started-at="2022-02-10T22:24:39 IST" name="initializeLibrary" finished-at="2022-02-10T22:24:39 IST" duration-ms="9" status="PASS">
          <reporter-output>
          </reporter-output>
        </test-method> <!-- initializeLibrary -->
        <test-method is-config="true" signature="initializeMembers()[pri:0, instance:TestAutomation.testng.TestLibrary@50ad3bc1]" started-at="2022-02-10T22:24:39 IST" name="initializeMembers" finished-at="2022-02-10T22:24:39 IST" duration-ms="1" status="PASS">
          <reporter-output>
          </reporter-output>
        </test-method> <!-- initializeMembers -->
        <test-method signature="testActiveUser()[pri:0, instance:TestAutomation.testng.TestLibrary@50ad3bc1]" started-at="2022-02-10T22:24:39 IST" name="testActiveUser" finished-at="2022-02-10T22:24:39 IST" duration-ms="6" status="PASS">
          <reporter-output>
          </reporter-output>
        </test-method> <!-- testActiveUser -->
        <test-method is-config="true" signature="initializeLibrary()[pri:0, instance:TestAutomation.testng.TestLibrary@50ad3bc1]" started-at="2022-02-10T22:24:39 IST" name="initializeLibrary" finished-at="2022-02-10T22:24:39 IST" duration-ms="0" status="PASS">
          <reporter-output>
          </reporter-output>
        </test-method> <!-- initializeLibrary -->
        <test-method is-config="true" signature="initializeMembers()[pri:0, instance:TestAutomation.testng.TestLibrary@50ad3bc1]" started-at="2022-02-10T22:24:39 IST" name="initializeMembers" finished-at="2022-02-10T22:24:39 IST" duration-ms="1" status="PASS">
          <reporter-output>
          </reporter-output>
        </test-method> <!-- initializeMembers -->
        <test-method signature="testAddMember(int,java.lang.String,java.lang.String,java.lang.String,int,java.lang.String)[pri:0, instance:TestAutomation.testng.TestLibrary@50ad3bc1]" started-at="2022-02-10T22:24:39 IST" name="testAddMember" data-provider="csvdataprovider1" finished-at="2022-02-10T22:24:39 IST" duration-ms="1" status="PASS">
          <params>
            <param index="0">
              <value>
                <![CDATA[1]]>
              </value>
            </param>
            <param index="1">
              <value>
                <![CDATA[Diva]]>
              </value>
            </param>
            <param index="2">
              <value>
                <![CDATA[Prasad]]>
              </value>
            </param>
            <param index="3">
              <value>
                <![CDATA[Hyderabad]]>
              </value>
            </param>
            <param index="4">
              <value>
                <![CDATA[52]]>
              </value>
            </param>
            <param index="5">
              <value>
                <![CDATA[Active]]>
              </value>
            </param>
          </params>
          <reporter-output>
          </reporter-output>
        </test-method> <!-- testAddMember -->
        <test-method is-config="true" signature="initializeLibrary()[pri:0, instance:TestAutomation.testng.TestLibrary@50ad3bc1]" started-at="2022-02-10T22:24:39 IST" name="initializeLibrary" finished-at="2022-02-10T22:24:39 IST" duration-ms="0" status="PASS">
          <reporter-output>
          </reporter-output>
        </test-method> <!-- initializeLibrary -->
        <test-method is-config="true" signature="initializeMembers()[pri:0, instance:TestAutomation.testng.TestLibrary@50ad3bc1]" started-at="2022-02-10T22:24:39 IST" name="initializeMembers" finished-at="2022-02-10T22:24:39 IST" duration-ms="0" status="PASS">
          <reporter-output>
          </reporter-output>
        </test-method> <!-- initializeMembers -->
        <test-method signature="testAddMember(int,java.lang.String,java.lang.String,java.lang.String,int,java.lang.String)[pri:0, instance:TestAutomation.testng.TestLibrary@50ad3bc1]" started-at="2022-02-10T22:24:39 IST" name="testAddMember" data-provider="csvdataprovider1" finished-at="2022-02-10T22:24:39 IST" duration-ms="1" status="PASS">
          <params>
            <param index="0">
              <value>
                <![CDATA[2]]>
              </value>
            </param>
            <param index="1">
              <value>
                <![CDATA[Anu]]>
              </value>
            </param>
            <param index="2">
              <value>
                <![CDATA[Radha]]>
              </value>
            </param>
            <param index="3">
              <value>
                <![CDATA[Bangalore]]>
              </value>
            </param>
            <param index="4">
              <value>
                <![CDATA[48]]>
              </value>
            </param>
            <param index="5">
              <value>
                <![CDATA[Active]]>
              </value>
            </param>
          </params>
          <reporter-output>
          </reporter-output>
        </test-method> <!-- testAddMember -->
        <test-method is-config="true" signature="initializeLibrary()[pri:0, instance:TestAutomation.testng.TestLibrary@50ad3bc1]" started-at="2022-02-10T22:24:39 IST" name="initializeLibrary" finished-at="2022-02-10T22:24:39 IST" duration-ms="1" status="PASS">
          <reporter-output>
          </reporter-output>
        </test-method> <!-- initializeLibrary -->
        <test-method signature="testAddMember(int,java.lang.String,java.lang.String,java.lang.String,int,java.lang.String)[pri:0, instance:TestAutomation.testng.TestLibrary@50ad3bc1]" started-at="2022-02-10T22:24:39 IST" name="testAddMember" data-provider="csvdataprovider1" finished-at="2022-02-10T22:24:39 IST" duration-ms="1" status="PASS">
          <params>
            <param index="0">
              <value>
                <![CDATA[3]]>
              </value>
            </param>
            <param index="1">
              <value>
                <![CDATA[Sai]]>
              </value>
            </param>
            <param index="2">
              <value>
                <![CDATA[Prabhath]]>
              </value>
            </param>
            <param index="3">
              <value>
                <![CDATA[Chennai]]>
              </value>
            </param>
            <param index="4">
              <value>
                <![CDATA[20]]>
              </value>
            </param>
            <param index="5">
              <value>
                <![CDATA[Active]]>
              </value>
            </param>
          </params>
          <reporter-output>
          </reporter-output>
        </test-method> <!-- testAddMember -->
        <test-method is-config="true" signature="initializeMembers()[pri:0, instance:TestAutomation.testng.TestLibrary@50ad3bc1]" started-at="2022-02-10T22:24:39 IST" name="initializeMembers" finished-at="2022-02-10T22:24:39 IST" duration-ms="0" status="PASS">
          <reporter-output>
          </reporter-output>
        </test-method> <!-- initializeMembers -->
        <test-method signature="testAddNewMember()[pri:0, instance:TestAutomation.testng.TestLibrary@50ad3bc1]" started-at="2022-02-10T22:24:39 IST" name="testAddNewMember" finished-at="2022-02-10T22:24:39 IST" duration-ms="1" status="PASS">
          <reporter-output>
          </reporter-output>
        </test-method> <!-- testAddNewMember -->
        <test-method is-config="true" signature="initializeLibrary()[pri:0, instance:TestAutomation.testng.TestLibrary@50ad3bc1]" started-at="2022-02-10T22:24:39 IST" name="initializeLibrary" finished-at="2022-02-10T22:24:39 IST" duration-ms="0" status="PASS">
          <reporter-output>
          </reporter-output>
        </test-method> <!-- initializeLibrary -->
        <test-method is-config="true" signature="initializeMembers()[pri:0, instance:TestAutomation.testng.TestLibrary@50ad3bc1]" started-at="2022-02-10T22:24:39 IST" name="initializeMembers" finished-at="2022-02-10T22:24:39 IST" duration-ms="0" status="PASS">
          <reporter-output>
          </reporter-output>
        </test-method> <!-- initializeMembers -->
        <test-method is-config="true" signature="initializeLibrary()[pri:0, instance:TestAutomation.testng.TestLibrary@50ad3bc1]" started-at="2022-02-10T22:24:39 IST" name="initializeLibrary" finished-at="2022-02-10T22:24:39 IST" duration-ms="0" status="PASS">
          <reporter-output>
          </reporter-output>
        </test-method> <!-- initializeLibrary -->
        <test-method is-config="true" signature="initializeMembers()[pri:0, instance:TestAutomation.testng.TestLibrary@50ad3bc1]" started-at="2022-02-10T22:24:39 IST" name="initializeMembers" finished-at="2022-02-10T22:24:39 IST" duration-ms="0" status="PASS">
          <reporter-output>
          </reporter-output>
        </test-method> <!-- initializeMembers -->
        <test-method signature="testIssueBook()[pri:0, instance:TestAutomation.testng.TestLibrary@50ad3bc1]" started-at="2022-02-10T22:24:39 IST" name="testIssueBook" finished-at="2022-02-10T22:24:39 IST" duration-ms="1" status="PASS">
          <reporter-output>
          </reporter-output>
        </test-method> <!-- testIssueBook -->
        <test-method is-config="true" signature="initializeLibrary()[pri:0, instance:TestAutomation.testng.TestLibrary@50ad3bc1]" started-at="2022-02-10T22:24:39 IST" name="initializeLibrary" finished-at="2022-02-10T22:24:39 IST" duration-ms="1" status="PASS">
          <reporter-output>
          </reporter-output>
        </test-method> <!-- initializeLibrary -->
        <test-method is-config="true" signature="initializeMembers()[pri:0, instance:TestAutomation.testng.TestLibrary@50ad3bc1]" started-at="2022-02-10T22:24:39 IST" name="initializeMembers" finished-at="2022-02-10T22:24:39 IST" duration-ms="0" status="PASS">
          <reporter-output>
          </reporter-output>
        </test-method> <!-- initializeMembers -->
        <test-method signature="testdeActiveUser()[pri:0, instance:TestAutomation.testng.TestLibrary@50ad3bc1]" started-at="2022-02-10T22:24:39 IST" name="testdeActiveUser" finished-at="2022-02-10T22:24:39 IST" duration-ms="1" status="PASS">
          <reporter-output>
          </reporter-output>
        </test-method> <!-- testdeActiveUser -->
      </class> <!-- TestAutomation.testng.TestLibrary -->
    </test> <!-- Default test -->
  </suite> <!-- Default suite -->
</testng-results>
