<?xml version="1.0" encoding="UTF-8"?>
<testng-results ignored="0" total="1" passed="1" failed="0" skipped="0">
  <reporter-output>
  </reporter-output>
  <suite started-at="2022-02-17T10:22:24 IST" name="Automation" finished-at="2022-02-17T10:23:35 IST" duration-ms="70940">
    <groups>
    </groups>
    <test started-at="2022-02-17T10:22:24 IST" name="Selenium" finished-at="2022-02-17T10:23:35 IST" duration-ms="70940">
      <class name="TestAutomation.selenium.TestExplicit">
        <test-method is-config="true" signature="setup(java.lang.String)[pri:0, instance:TestAutomation.selenium.TestExplicit@66f57048]" started-at="2022-02-17T10:22:24 IST" name="setup" finished-at="2022-02-17T10:22:26 IST" duration-ms="1612" status="PASS">
          <params>
            <param index="0">
              <value>
                <![CDATA[Chrome]]>
              </value>
            </param>
          </params>
          <reporter-output>
          </reporter-output>
        </test-method> <!-- setup -->
        <test-method signature="method()[pri:0, instance:TestAutomation.selenium.TestExplicit@66f57048]" started-at="2022-02-17T10:22:26 IST" name="method" finished-at="2022-02-17T10:23:35 IST" duration-ms="69297" status="PASS">
          <reporter-output>
          </reporter-output>
        </test-method> <!-- method -->
      </class> <!-- TestAutomation.selenium.TestExplicit -->
    </test> <!-- Selenium -->
  </suite> <!-- Automation -->
</testng-results>
