<?xml version="1.0" encoding="UTF-8"?>
<testng-results ignored="0" total="1" passed="1" failed="0" skipped="0">
  <reporter-output>
  </reporter-output>
  <suite started-at="2022-02-15T18:14:31 IST" name="Default suite" finished-at="2022-02-15T18:31:35 IST" duration-ms="1024088">
    <groups>
    </groups>
    <test started-at="2022-02-15T18:14:31 IST" name="Default test" finished-at="2022-02-15T18:31:35 IST" duration-ms="1024088">
      <class name="TestAutomation.selenium.OrangeHRM">
        <test-method signature="LoadWebDriver()[pri:0, instance:TestAutomation.selenium.OrangeHRM@614ca7df]" started-at="2022-02-15T18:14:31 IST" name="LoadWebDriver" finished-at="2022-02-15T18:31:35 IST" duration-ms="1024055" status="PASS">
          <reporter-output>
          </reporter-output>
        </test-method> <!-- LoadWebDriver -->
      </class> <!-- TestAutomation.selenium.OrangeHRM -->
    </test> <!-- Default test -->
  </suite> <!-- Default suite -->
</testng-results>
