<?xml version="1.0" encoding="UTF-8"?>
<!-- Generated by org.testng.reporters.JUnitXMLReporter -->
<testsuite ignored="0" hostname="EPINBANW02C7" failures="0" tests="7" name="Default test" time="0.067" errors="0" timestamp="2022-02-10T22:24:39 IST">
  <testcase classname="TestAutomation.testng.TestLibrary" name="testActiveUser" time="0.006"/>
  <testcase classname="TestAutomation.testng.TestLibrary" name="testAddMember" time="0.001"/>
  <testcase classname="TestAutomation.testng.TestLibrary" name="testAddMember" time="0.001"/>
  <testcase classname="TestAutomation.testng.TestLibrary" name="testAddMember" time="0.001"/>
  <testcase classname="TestAutomation.testng.TestLibrary" name="testAddNewMember" time="0.001"/>
  <testcase classname="TestAutomation.testng.TestLibrary" name="testIssueBook" time="0.001"/>
  <testcase classname="TestAutomation.testng.TestLibrary" name="testdeActiveUser" time="0.001"/>
</testsuite> <!-- Default test -->
