<?xml version="1.0" encoding="UTF-8"?>
<testng-results ignored="0" total="2" passed="2" failed="0" skipped="0">
  <reporter-output>
  </reporter-output>
  <suite started-at="2022-02-15T09:34:21 IST" name="Default suite" finished-at="2022-02-15T09:34:24 IST" duration-ms="3202">
    <groups>
    </groups>
    <test started-at="2022-02-15T09:34:21 IST" name="Default test" finished-at="2022-02-15T09:34:24 IST" duration-ms="3202">
      <class name="TestAutomation.restassured.RestAssuredAssignment">
        <test-method is-config="true" signature="setup()[pri:0, instance:TestAutomation.restassured.RestAssuredAssignment@1da2cb77]" started-at="2022-02-15T09:34:21 IST" name="setup" finished-at="2022-02-15T09:34:22 IST" duration-ms="519" status="PASS">
          <reporter-output>
          </reporter-output>
        </test-method> <!-- setup -->
        <test-method signature="testGetonGetObject()[pri:0, instance:TestAutomation.restassured.RestAssuredAssignment@1da2cb77]" started-at="2022-02-15T09:34:22 IST" name="testGetonGetObject" finished-at="2022-02-15T09:34:23 IST" duration-ms="1367" status="PASS">
          <reporter-output>
          </reporter-output>
        </test-method> <!-- testGetonGetObject -->
        <test-method signature="testPostonPostObject()[pri:0, instance:TestAutomation.restassured.RestAssuredAssignment@1da2cb77]" started-at="2022-02-15T09:34:23 IST" name="testPostonPostObject" finished-at="2022-02-15T09:34:24 IST" duration-ms="1282" status="PASS">
          <reporter-output>
          </reporter-output>
        </test-method> <!-- testPostonPostObject -->
      </class> <!-- TestAutomation.restassured.RestAssuredAssignment -->
    </test> <!-- Default test -->
  </suite> <!-- Default suite -->
</testng-results>
