<?xml version="1.0" encoding="UTF-8"?>
<!-- Generated by org.testng.reporters.JUnitXMLReporter -->
<testsuite ignored="0" hostname="EPINBANW02C7" failures="0" tests="3" name="SpeakersPage" time="2.285" errors="0" timestamp="2022-03-14T17:58:48 IST">
  <testcase classname="TestAutomation.ProgramsPortal.Database.TestDatabase" name="testSpeakerID" time="0.06"/>
  <testcase classname="TestAutomation.ProgramsPortal.RestAssured.TestRestAssured" name="testSpeakerDetailsWithID" time="1.116"/>
  <testcase classname="TestAutomation.ProgramsPortal.RestAssured.TestRestAssured" name="testAddSpeakerDetails" time="0.158"/>
</testsuite> <!-- SpeakersPage -->
