<?xml version="1.0" encoding="UTF-8"?>
<testng-results ignored="0" total="34" passed="33" failed="1" skipped="0">
  <reporter-output>
  </reporter-output>
  <suite started-at="2022-03-03T09:55:19 IST" name="Default suite" finished-at="2022-03-03T09:55:23 IST" duration-ms="4302">
    <groups>
      <group name="cucumber">
        <method signature="AbstractTestNGCucumberTests.runScenario(io.cucumber.testng.PickleWrapper,io.cucumber.testng.FeatureWrapper)[pri:0, instance:TestAutomation.BDD.feature.TestCalculatorPage@41a0aa7d]" name="runScenario" class="io.cucumber.testng.AbstractTestNGCucumberTests"/>
      </group> <!-- cucumber -->
    </groups>
    <test started-at="2022-03-03T09:55:19 IST" name="Default test" finished-at="2022-03-03T09:55:23 IST" duration-ms="4302">
      <class name="TestAutomation.BDD.feature.TestCalculatorPage">
        <test-method is-config="true" signature="setUpClass(org.testng.ITestContext)[pri:0, instance:TestAutomation.BDD.feature.TestCalculatorPage@41a0aa7d]" started-at="2022-03-03T09:55:19 IST" name="setUpClass" finished-at="2022-03-03T09:55:21 IST" duration-ms="2171" status="PASS">
          <params>
            <param index="0">
              <value>
                <![CDATA[org.testng.TestRunner@7209ffb5]]>
              </value>
            </param>
          </params>
          <reporter-output>
          </reporter-output>
        </test-method> <!-- setUpClass -->
        <test-method signature="runScenario(io.cucumber.testng.PickleWrapper,io.cucumber.testng.FeatureWrapper)[pri:0, instance:TestAutomation.BDD.feature.TestCalculatorPage@41a0aa7d]" started-at="2022-03-03T09:55:21 IST" name="runScenario" description="Runs Cucumber Scenarios" data-provider="scenarios" finished-at="2022-03-03T09:55:21 IST" duration-ms="153" status="PASS">
          <params>
            <param index="0">
              <value>
                <![CDATA["Calculator UI Test number button"]]>
              </value>
            </param>
            <param index="1">
              <value>
                <![CDATA["Optional[Calculator Application]"]]>
              </value>
            </param>
          </params>
          <reporter-output>
          </reporter-output>
        </test-method> <!-- runScenario -->
        <test-method signature="runScenario(io.cucumber.testng.PickleWrapper,io.cucumber.testng.FeatureWrapper)[pri:0, instance:TestAutomation.BDD.feature.TestCalculatorPage@41a0aa7d]" started-at="2022-03-03T09:55:21 IST" name="runScenario" description="Runs Cucumber Scenarios" data-provider="scenarios" finished-at="2022-03-03T09:55:21 IST" duration-ms="55" status="PASS">
          <params>
            <param index="0">
              <value>
                <![CDATA["Calculator UI Test number button"]]>
              </value>
            </param>
            <param index="1">
              <value>
                <![CDATA["Optional[Calculator Application]"]]>
              </value>
            </param>
          </params>
          <reporter-output>
          </reporter-output>
        </test-method> <!-- runScenario -->
        <test-method signature="runScenario(io.cucumber.testng.PickleWrapper,io.cucumber.testng.FeatureWrapper)[pri:0, instance:TestAutomation.BDD.feature.TestCalculatorPage@41a0aa7d]" started-at="2022-03-03T09:55:21 IST" name="runScenario" description="Runs Cucumber Scenarios" data-provider="scenarios" finished-at="2022-03-03T09:55:21 IST" duration-ms="52" status="PASS">
          <params>
            <param index="0">
              <value>
                <![CDATA["Calculator UI Test number button"]]>
              </value>
            </param>
            <param index="1">
              <value>
                <![CDATA["Optional[Calculator Application]"]]>
              </value>
            </param>
          </params>
          <reporter-output>
          </reporter-output>
        </test-method> <!-- runScenario -->
        <test-method signature="runScenario(io.cucumber.testng.PickleWrapper,io.cucumber.testng.FeatureWrapper)[pri:0, instance:TestAutomation.BDD.feature.TestCalculatorPage@41a0aa7d]" started-at="2022-03-03T09:55:21 IST" name="runScenario" description="Runs Cucumber Scenarios" data-provider="scenarios" finished-at="2022-03-03T09:55:21 IST" duration-ms="52" status="PASS">
          <params>
            <param index="0">
              <value>
                <![CDATA["Calculator UI Test number button"]]>
              </value>
            </param>
            <param index="1">
              <value>
                <![CDATA["Optional[Calculator Application]"]]>
              </value>
            </param>
          </params>
          <reporter-output>
          </reporter-output>
        </test-method> <!-- runScenario -->
        <test-method signature="runScenario(io.cucumber.testng.PickleWrapper,io.cucumber.testng.FeatureWrapper)[pri:0, instance:TestAutomation.BDD.feature.TestCalculatorPage@41a0aa7d]" started-at="2022-03-03T09:55:21 IST" name="runScenario" description="Runs Cucumber Scenarios" data-provider="scenarios" finished-at="2022-03-03T09:55:21 IST" duration-ms="50" status="PASS">
          <params>
            <param index="0">
              <value>
                <![CDATA["Calculator UI Test number button"]]>
              </value>
            </param>
            <param index="1">
              <value>
                <![CDATA["Optional[Calculator Application]"]]>
              </value>
            </param>
          </params>
          <reporter-output>
          </reporter-output>
        </test-method> <!-- runScenario -->
        <test-method signature="runScenario(io.cucumber.testng.PickleWrapper,io.cucumber.testng.FeatureWrapper)[pri:0, instance:TestAutomation.BDD.feature.TestCalculatorPage@41a0aa7d]" started-at="2022-03-03T09:55:21 IST" name="runScenario" description="Runs Cucumber Scenarios" data-provider="scenarios" finished-at="2022-03-03T09:55:21 IST" duration-ms="55" status="PASS">
          <params>
            <param index="0">
              <value>
                <![CDATA["Calculator UI Test number button"]]>
              </value>
            </param>
            <param index="1">
              <value>
                <![CDATA["Optional[Calculator Application]"]]>
              </value>
            </param>
          </params>
          <reporter-output>
          </reporter-output>
        </test-method> <!-- runScenario -->
        <test-method signature="runScenario(io.cucumber.testng.PickleWrapper,io.cucumber.testng.FeatureWrapper)[pri:0, instance:TestAutomation.BDD.feature.TestCalculatorPage@41a0aa7d]" started-at="2022-03-03T09:55:21 IST" name="runScenario" description="Runs Cucumber Scenarios" data-provider="scenarios" finished-at="2022-03-03T09:55:21 IST" duration-ms="50" status="PASS">
          <params>
            <param index="0">
              <value>
                <![CDATA["Calculator UI Test number button"]]>
              </value>
            </param>
            <param index="1">
              <value>
                <![CDATA["Optional[Calculator Application]"]]>
              </value>
            </param>
          </params>
          <reporter-output>
          </reporter-output>
        </test-method> <!-- runScenario -->
        <test-method signature="runScenario(io.cucumber.testng.PickleWrapper,io.cucumber.testng.FeatureWrapper)[pri:0, instance:TestAutomation.BDD.feature.TestCalculatorPage@41a0aa7d]" started-at="2022-03-03T09:55:21 IST" name="runScenario" description="Runs Cucumber Scenarios" data-provider="scenarios" finished-at="2022-03-03T09:55:22 IST" duration-ms="52" status="PASS">
          <params>
            <param index="0">
              <value>
                <![CDATA["Calculator UI Test number button"]]>
              </value>
            </param>
            <param index="1">
              <value>
                <![CDATA["Optional[Calculator Application]"]]>
              </value>
            </param>
          </params>
          <reporter-output>
          </reporter-output>
        </test-method> <!-- runScenario -->
        <test-method signature="runScenario(io.cucumber.testng.PickleWrapper,io.cucumber.testng.FeatureWrapper)[pri:0, instance:TestAutomation.BDD.feature.TestCalculatorPage@41a0aa7d]" started-at="2022-03-03T09:55:22 IST" name="runScenario" description="Runs Cucumber Scenarios" data-provider="scenarios" finished-at="2022-03-03T09:55:22 IST" duration-ms="53" status="PASS">
          <params>
            <param index="0">
              <value>
                <![CDATA["Calculator UI Test number button"]]>
              </value>
            </param>
            <param index="1">
              <value>
                <![CDATA["Optional[Calculator Application]"]]>
              </value>
            </param>
          </params>
          <reporter-output>
          </reporter-output>
        </test-method> <!-- runScenario -->
        <test-method signature="runScenario(io.cucumber.testng.PickleWrapper,io.cucumber.testng.FeatureWrapper)[pri:0, instance:TestAutomation.BDD.feature.TestCalculatorPage@41a0aa7d]" started-at="2022-03-03T09:55:22 IST" name="runScenario" description="Runs Cucumber Scenarios" data-provider="scenarios" finished-at="2022-03-03T09:55:22 IST" duration-ms="45" status="PASS">
          <params>
            <param index="0">
              <value>
                <![CDATA["Calculator UI Test number button"]]>
              </value>
            </param>
            <param index="1">
              <value>
                <![CDATA["Optional[Calculator Application]"]]>
              </value>
            </param>
          </params>
          <reporter-output>
          </reporter-output>
        </test-method> <!-- runScenario -->
        <test-method signature="runScenario(io.cucumber.testng.PickleWrapper,io.cucumber.testng.FeatureWrapper)[pri:0, instance:TestAutomation.BDD.feature.TestCalculatorPage@41a0aa7d]" started-at="2022-03-03T09:55:22 IST" name="runScenario" description="Runs Cucumber Scenarios" data-provider="scenarios" finished-at="2022-03-03T09:55:22 IST" duration-ms="41" status="PASS">
          <params>
            <param index="0">
              <value>
                <![CDATA["Calculator UI Test operators"]]>
              </value>
            </param>
            <param index="1">
              <value>
                <![CDATA["Optional[Calculator Application]"]]>
              </value>
            </param>
          </params>
          <reporter-output>
          </reporter-output>
        </test-method> <!-- runScenario -->
        <test-method signature="runScenario(io.cucumber.testng.PickleWrapper,io.cucumber.testng.FeatureWrapper)[pri:0, instance:TestAutomation.BDD.feature.TestCalculatorPage@41a0aa7d]" started-at="2022-03-03T09:55:22 IST" name="runScenario" description="Runs Cucumber Scenarios" data-provider="scenarios" finished-at="2022-03-03T09:55:22 IST" duration-ms="40" status="PASS">
          <params>
            <param index="0">
              <value>
                <![CDATA["Calculator UI Test operators"]]>
              </value>
            </param>
            <param index="1">
              <value>
                <![CDATA["Optional[Calculator Application]"]]>
              </value>
            </param>
          </params>
          <reporter-output>
          </reporter-output>
        </test-method> <!-- runScenario -->
        <test-method signature="runScenario(io.cucumber.testng.PickleWrapper,io.cucumber.testng.FeatureWrapper)[pri:0, instance:TestAutomation.BDD.feature.TestCalculatorPage@41a0aa7d]" started-at="2022-03-03T09:55:22 IST" name="runScenario" description="Runs Cucumber Scenarios" data-provider="scenarios" finished-at="2022-03-03T09:55:22 IST" duration-ms="51" status="PASS">
          <params>
            <param index="0">
              <value>
                <![CDATA["Calculator UI Test operators"]]>
              </value>
            </param>
            <param index="1">
              <value>
                <![CDATA["Optional[Calculator Application]"]]>
              </value>
            </param>
          </params>
          <reporter-output>
          </reporter-output>
        </test-method> <!-- runScenario -->
        <test-method signature="runScenario(io.cucumber.testng.PickleWrapper,io.cucumber.testng.FeatureWrapper)[pri:0, instance:TestAutomation.BDD.feature.TestCalculatorPage@41a0aa7d]" started-at="2022-03-03T09:55:22 IST" name="runScenario" description="Runs Cucumber Scenarios" data-provider="scenarios" finished-at="2022-03-03T09:55:22 IST" duration-ms="42" status="PASS">
          <params>
            <param index="0">
              <value>
                <![CDATA["Calculator UI Test operators"]]>
              </value>
            </param>
            <param index="1">
              <value>
                <![CDATA["Optional[Calculator Application]"]]>
              </value>
            </param>
          </params>
          <reporter-output>
          </reporter-output>
        </test-method> <!-- runScenario -->
        <test-method signature="runScenario(io.cucumber.testng.PickleWrapper,io.cucumber.testng.FeatureWrapper)[pri:0, instance:TestAutomation.BDD.feature.TestCalculatorPage@41a0aa7d]" started-at="2022-03-03T09:55:22 IST" name="runScenario" description="Runs Cucumber Scenarios" data-provider="scenarios" finished-at="2022-03-03T09:55:22 IST" duration-ms="42" status="PASS">
          <params>
            <param index="0">
              <value>
                <![CDATA["Calculator UI Test operators"]]>
              </value>
            </param>
            <param index="1">
              <value>
                <![CDATA["Optional[Calculator Application]"]]>
              </value>
            </param>
          </params>
          <reporter-output>
          </reporter-output>
        </test-method> <!-- runScenario -->
        <test-method signature="runScenario(io.cucumber.testng.PickleWrapper,io.cucumber.testng.FeatureWrapper)[pri:0, instance:TestAutomation.BDD.feature.TestCalculatorPage@41a0aa7d]" started-at="2022-03-03T09:55:22 IST" name="runScenario" description="Runs Cucumber Scenarios" data-provider="scenarios" finished-at="2022-03-03T09:55:22 IST" duration-ms="66" status="PASS">
          <params>
            <param index="0">
              <value>
                <![CDATA["Calculator UI Test display screen"]]>
              </value>
            </param>
            <param index="1">
              <value>
                <![CDATA["Optional[Calculator Application]"]]>
              </value>
            </param>
          </params>
          <reporter-output>
          </reporter-output>
        </test-method> <!-- runScenario -->
        <test-method signature="runScenario(io.cucumber.testng.PickleWrapper,io.cucumber.testng.FeatureWrapper)[pri:0, instance:TestAutomation.BDD.feature.TestCalculatorPage@41a0aa7d]" started-at="2022-03-03T09:55:22 IST" name="runScenario" description="Runs Cucumber Scenarios" data-provider="scenarios" finished-at="2022-03-03T09:55:22 IST" duration-ms="58" status="PASS">
          <params>
            <param index="0">
              <value>
                <![CDATA["Calculator UI Test button color"]]>
              </value>
            </param>
            <param index="1">
              <value>
                <![CDATA["Optional[Calculator Application]"]]>
              </value>
            </param>
          </params>
          <reporter-output>
          </reporter-output>
        </test-method> <!-- runScenario -->
        <test-method signature="runScenario(io.cucumber.testng.PickleWrapper,io.cucumber.testng.FeatureWrapper)[pri:0, instance:TestAutomation.BDD.feature.TestCalculatorPage@41a0aa7d]" started-at="2022-03-03T09:55:22 IST" name="runScenario" description="Runs Cucumber Scenarios" data-provider="scenarios" finished-at="2022-03-03T09:55:22 IST" duration-ms="46" status="PASS">
          <params>
            <param index="0">
              <value>
                <![CDATA["Calculator UI Test button color"]]>
              </value>
            </param>
            <param index="1">
              <value>
                <![CDATA["Optional[Calculator Application]"]]>
              </value>
            </param>
          </params>
          <reporter-output>
          </reporter-output>
        </test-method> <!-- runScenario -->
        <test-method signature="runScenario(io.cucumber.testng.PickleWrapper,io.cucumber.testng.FeatureWrapper)[pri:0, instance:TestAutomation.BDD.feature.TestCalculatorPage@41a0aa7d]" started-at="2022-03-03T09:55:22 IST" name="runScenario" description="Runs Cucumber Scenarios" data-provider="scenarios" finished-at="2022-03-03T09:55:22 IST" duration-ms="46" status="PASS">
          <params>
            <param index="0">
              <value>
                <![CDATA["Calculator UI Test button color"]]>
              </value>
            </param>
            <param index="1">
              <value>
                <![CDATA["Optional[Calculator Application]"]]>
              </value>
            </param>
          </params>
          <reporter-output>
          </reporter-output>
        </test-method> <!-- runScenario -->
        <test-method signature="runScenario(io.cucumber.testng.PickleWrapper,io.cucumber.testng.FeatureWrapper)[pri:0, instance:TestAutomation.BDD.feature.TestCalculatorPage@41a0aa7d]" started-at="2022-03-03T09:55:22 IST" name="runScenario" description="Runs Cucumber Scenarios" data-provider="scenarios" finished-at="2022-03-03T09:55:22 IST" duration-ms="44" status="PASS">
          <params>
            <param index="0">
              <value>
                <![CDATA["Calculator UI Test button color"]]>
              </value>
            </param>
            <param index="1">
              <value>
                <![CDATA["Optional[Calculator Application]"]]>
              </value>
            </param>
          </params>
          <reporter-output>
          </reporter-output>
        </test-method> <!-- runScenario -->
        <test-method signature="runScenario(io.cucumber.testng.PickleWrapper,io.cucumber.testng.FeatureWrapper)[pri:0, instance:TestAutomation.BDD.feature.TestCalculatorPage@41a0aa7d]" started-at="2022-03-03T09:55:22 IST" name="runScenario" description="Runs Cucumber Scenarios" data-provider="scenarios" finished-at="2022-03-03T09:55:22 IST" duration-ms="44" status="PASS">
          <params>
            <param index="0">
              <value>
                <![CDATA["Calculator UI Test button color"]]>
              </value>
            </param>
            <param index="1">
              <value>
                <![CDATA["Optional[Calculator Application]"]]>
              </value>
            </param>
          </params>
          <reporter-output>
          </reporter-output>
        </test-method> <!-- runScenario -->
        <test-method signature="runScenario(io.cucumber.testng.PickleWrapper,io.cucumber.testng.FeatureWrapper)[pri:0, instance:TestAutomation.BDD.feature.TestCalculatorPage@41a0aa7d]" started-at="2022-03-03T09:55:22 IST" name="runScenario" description="Runs Cucumber Scenarios" data-provider="scenarios" finished-at="2022-03-03T09:55:22 IST" duration-ms="61" status="PASS">
          <params>
            <param index="0">
              <value>
                <![CDATA["Calculator number should come on display scree"]]>
              </value>
            </param>
            <param index="1">
              <value>
                <![CDATA["Optional[Calculator Application]"]]>
              </value>
            </param>
          </params>
          <reporter-output>
          </reporter-output>
        </test-method> <!-- runScenario -->
        <test-method signature="runScenario(io.cucumber.testng.PickleWrapper,io.cucumber.testng.FeatureWrapper)[pri:0, instance:TestAutomation.BDD.feature.TestCalculatorPage@41a0aa7d]" started-at="2022-03-03T09:55:22 IST" name="runScenario" description="Runs Cucumber Scenarios" data-provider="scenarios" finished-at="2022-03-03T09:55:22 IST" duration-ms="59" status="PASS">
          <params>
            <param index="0">
              <value>
                <![CDATA["Calculator number should come on display scree"]]>
              </value>
            </param>
            <param index="1">
              <value>
                <![CDATA["Optional[Calculator Application]"]]>
              </value>
            </param>
          </params>
          <reporter-output>
          </reporter-output>
        </test-method> <!-- runScenario -->
        <test-method signature="runScenario(io.cucumber.testng.PickleWrapper,io.cucumber.testng.FeatureWrapper)[pri:0, instance:TestAutomation.BDD.feature.TestCalculatorPage@41a0aa7d]" started-at="2022-03-03T09:55:22 IST" name="runScenario" description="Runs Cucumber Scenarios" data-provider="scenarios" finished-at="2022-03-03T09:55:22 IST" duration-ms="62" status="PASS">
          <params>
            <param index="0">
              <value>
                <![CDATA["Calculator number should come on display scree"]]>
              </value>
            </param>
            <param index="1">
              <value>
                <![CDATA["Optional[Calculator Application]"]]>
              </value>
            </param>
          </params>
          <reporter-output>
          </reporter-output>
        </test-method> <!-- runScenario -->
        <test-method signature="runScenario(io.cucumber.testng.PickleWrapper,io.cucumber.testng.FeatureWrapper)[pri:0, instance:TestAutomation.BDD.feature.TestCalculatorPage@41a0aa7d]" started-at="2022-03-03T09:55:22 IST" name="runScenario" description="Runs Cucumber Scenarios" data-provider="scenarios" finished-at="2022-03-03T09:55:22 IST" duration-ms="62" status="PASS">
          <params>
            <param index="0">
              <value>
                <![CDATA["Calculator number should come on display scree"]]>
              </value>
            </param>
            <param index="1">
              <value>
                <![CDATA["Optional[Calculator Application]"]]>
              </value>
            </param>
          </params>
          <reporter-output>
          </reporter-output>
        </test-method> <!-- runScenario -->
        <test-method signature="runScenario(io.cucumber.testng.PickleWrapper,io.cucumber.testng.FeatureWrapper)[pri:0, instance:TestAutomation.BDD.feature.TestCalculatorPage@41a0aa7d]" started-at="2022-03-03T09:55:22 IST" name="runScenario" description="Runs Cucumber Scenarios" data-provider="scenarios" finished-at="2022-03-03T09:55:22 IST" duration-ms="62" status="PASS">
          <params>
            <param index="0">
              <value>
                <![CDATA["Calculator number should come on display scree"]]>
              </value>
            </param>
            <param index="1">
              <value>
                <![CDATA["Optional[Calculator Application]"]]>
              </value>
            </param>
          </params>
          <reporter-output>
          </reporter-output>
        </test-method> <!-- runScenario -->
        <test-method signature="runScenario(io.cucumber.testng.PickleWrapper,io.cucumber.testng.FeatureWrapper)[pri:0, instance:TestAutomation.BDD.feature.TestCalculatorPage@41a0aa7d]" started-at="2022-03-03T09:55:22 IST" name="runScenario" description="Runs Cucumber Scenarios" data-provider="scenarios" finished-at="2022-03-03T09:55:23 IST" duration-ms="65" status="PASS">
          <params>
            <param index="0">
              <value>
                <![CDATA["Calculator number should come on display scree"]]>
              </value>
            </param>
            <param index="1">
              <value>
                <![CDATA["Optional[Calculator Application]"]]>
              </value>
            </param>
          </params>
          <reporter-output>
          </reporter-output>
        </test-method> <!-- runScenario -->
        <test-method signature="runScenario(io.cucumber.testng.PickleWrapper,io.cucumber.testng.FeatureWrapper)[pri:0, instance:TestAutomation.BDD.feature.TestCalculatorPage@41a0aa7d]" started-at="2022-03-03T09:55:23 IST" name="runScenario" description="Runs Cucumber Scenarios" data-provider="scenarios" finished-at="2022-03-03T09:55:23 IST" duration-ms="69" status="PASS">
          <params>
            <param index="0">
              <value>
                <![CDATA["Calculator number should come on display scree"]]>
              </value>
            </param>
            <param index="1">
              <value>
                <![CDATA["Optional[Calculator Application]"]]>
              </value>
            </param>
          </params>
          <reporter-output>
          </reporter-output>
        </test-method> <!-- runScenario -->
        <test-method signature="runScenario(io.cucumber.testng.PickleWrapper,io.cucumber.testng.FeatureWrapper)[pri:0, instance:TestAutomation.BDD.feature.TestCalculatorPage@41a0aa7d]" started-at="2022-03-03T09:55:23 IST" name="runScenario" description="Runs Cucumber Scenarios" data-provider="scenarios" finished-at="2022-03-03T09:55:23 IST" duration-ms="65" status="PASS">
          <params>
            <param index="0">
              <value>
                <![CDATA["Calculator number should come on display scree"]]>
              </value>
            </param>
            <param index="1">
              <value>
                <![CDATA["Optional[Calculator Application]"]]>
              </value>
            </param>
          </params>
          <reporter-output>
          </reporter-output>
        </test-method> <!-- runScenario -->
        <test-method signature="runScenario(io.cucumber.testng.PickleWrapper,io.cucumber.testng.FeatureWrapper)[pri:0, instance:TestAutomation.BDD.feature.TestCalculatorPage@41a0aa7d]" started-at="2022-03-03T09:55:23 IST" name="runScenario" description="Runs Cucumber Scenarios" data-provider="scenarios" finished-at="2022-03-03T09:55:23 IST" duration-ms="69" status="PASS">
          <params>
            <param index="0">
              <value>
                <![CDATA["Calculator number should come on display scree"]]>
              </value>
            </param>
            <param index="1">
              <value>
                <![CDATA["Optional[Calculator Application]"]]>
              </value>
            </param>
          </params>
          <reporter-output>
          </reporter-output>
        </test-method> <!-- runScenario -->
        <test-method signature="runScenario(io.cucumber.testng.PickleWrapper,io.cucumber.testng.FeatureWrapper)[pri:0, instance:TestAutomation.BDD.feature.TestCalculatorPage@41a0aa7d]" started-at="2022-03-03T09:55:23 IST" name="runScenario" description="Runs Cucumber Scenarios" data-provider="scenarios" finished-at="2022-03-03T09:55:23 IST" duration-ms="70" status="PASS">
          <params>
            <param index="0">
              <value>
                <![CDATA["Calculator number should come on display scree"]]>
              </value>
            </param>
            <param index="1">
              <value>
                <![CDATA["Optional[Calculator Application]"]]>
              </value>
            </param>
          </params>
          <reporter-output>
          </reporter-output>
        </test-method> <!-- runScenario -->
        <test-method signature="runScenario(io.cucumber.testng.PickleWrapper,io.cucumber.testng.FeatureWrapper)[pri:0, instance:TestAutomation.BDD.feature.TestCalculatorPage@41a0aa7d]" started-at="2022-03-03T09:55:23 IST" name="runScenario" description="Runs Cucumber Scenarios" data-provider="scenarios" finished-at="2022-03-03T09:55:23 IST" duration-ms="157" status="PASS">
          <params>
            <param index="0">
              <value>
                <![CDATA["Calculator Add functionality"]]>
              </value>
            </param>
            <param index="1">
              <value>
                <![CDATA["Optional[Calculator Application]"]]>
              </value>
            </param>
          </params>
          <reporter-output>
          </reporter-output>
        </test-method> <!-- runScenario -->
        <test-method signature="runScenario(io.cucumber.testng.PickleWrapper,io.cucumber.testng.FeatureWrapper)[pri:0, instance:TestAutomation.BDD.feature.TestCalculatorPage@41a0aa7d]" started-at="2022-03-03T09:55:23 IST" name="runScenario" description="Runs Cucumber Scenarios" data-provider="scenarios" finished-at="2022-03-03T09:55:23 IST" duration-ms="18" status="PASS">
          <params>
            <param index="0">
              <value>
                <![CDATA[""]]>
              </value>
            </param>
            <param index="1">
              <value>
                <![CDATA["Optional[Calculator Application]"]]>
              </value>
            </param>
          </params>
          <reporter-output>
          </reporter-output>
        </test-method> <!-- runScenario -->
        <test-method signature="runScenario(io.cucumber.testng.PickleWrapper,io.cucumber.testng.FeatureWrapper)[pri:0, instance:TestAutomation.BDD.feature.TestCalculatorPage@41a0aa7d]" started-at="2022-03-03T09:55:23 IST" name="runScenario" description="Runs Cucumber Scenarios" data-provider="scenarios" finished-at="2022-03-03T09:55:23 IST" duration-ms="64" status="FAIL">
          <params>
            <param index="0">
              <value>
                <![CDATA["Library add book functionality"]]>
              </value>
            </param>
            <param index="1">
              <value>
                <![CDATA["Optional[Calculator Application]"]]>
              </value>
            </param>
          </params>
          <exception class="io.cucumber.testng.UndefinedStepException">
            <message>
              <![CDATA[The step 'Library has following book' is undefined.
You can implement this step using the snippet(s) below:

@Given("Library has following book")
public void library_has_following_book(io.cucumber.datatable.DataTable dataTable) {
    // Write code here that turns the phrase above into concrete actions
    // For automatic transformation, change DataTable to one of
    // E, List<E>, List<List<E>>, List<Map<K,V>>, Map<K,V> or
    // Map<K, List<V>>. E,K,V must be a String, Integer, Float,
    // Double, Byte, Short, Long, BigInteger or BigDecimal.
    //
    // For other transformations you can register a DataTableType.
    throw new io.cucumber.java.PendingException();
}
]]>
            </message>
            <full-stacktrace>
              <![CDATA[io.cucumber.testng.UndefinedStepException: The step 'Library has following book' is undefined.
You can implement this step using the snippet(s) below:

@Given("Library has following book")
public void library_has_following_book(io.cucumber.datatable.DataTable dataTable) {
    // Write code here that turns the phrase above into concrete actions
    // For automatic transformation, change DataTable to one of
    // E, List<E>, List<List<E>>, List<Map<K,V>>, Map<K,V> or
    // Map<K, List<V>>. E,K,V must be a String, Integer, Float,
    // Double, Byte, Short, Long, BigInteger or BigDecimal.
    //
    // For other transformations you can register a DataTableType.
    throw new io.cucumber.java.PendingException();
}

at io.cucumber.core.runtime.TestCaseResultObserver.assertTestCasePassed(TestCaseResultObserver.java:69)
at io.cucumber.testng.TestCaseResultObserver.assertTestCasePassed(TestCaseResultObserver.java:23)
at io.cucumber.testng.TestNGCucumberRunner.lambda$runScenario$1(TestNGCucumberRunner.java:133)
at io.cucumber.core.runtime.CucumberExecutionContext.lambda$runTestCase$3(CucumberExecutionContext.java:151)
at io.cucumber.core.runtime.RethrowingThrowableCollector.executeAndThrow(RethrowingThrowableCollector.java:23)
at io.cucumber.core.runtime.CucumberExecutionContext.runTestCase(CucumberExecutionContext.java:151)
at io.cucumber.testng.TestNGCucumberRunner.runScenario(TestNGCucumberRunner.java:129)
at io.cucumber.testng.AbstractTestNGCucumberTests.runScenario(AbstractTestNGCucumberTests.java:35)
at jdk.internal.reflect.GeneratedMethodAccessor1.invoke(Unknown Source)
at java.base/jdk.internal.reflect.DelegatingMethodAccessorImpl.invoke(DelegatingMethodAccessorImpl.java:43)
at java.base/java.lang.reflect.Method.invoke(Method.java:568)
at org.testng.internal.invokers.MethodInvocationHelper.invokeMethod(MethodInvocationHelper.java:135)
at org.testng.internal.invokers.TestInvoker.invokeMethod(TestInvoker.java:673)
at org.testng.internal.invokers.TestInvoker.invokeTestMethod(TestInvoker.java:220)
at org.testng.internal.invokers.MethodRunner.runInSequence(MethodRunner.java:50)
at org.testng.internal.invokers.TestInvoker$MethodInvocationAgent.invoke(TestInvoker.java:945)
at org.testng.internal.invokers.TestInvoker.invokeTestMethods(TestInvoker.java:193)
at org.testng.internal.invokers.TestMethodWorker.invokeTestMethods(TestMethodWorker.java:146)
at org.testng.internal.invokers.TestMethodWorker.run(TestMethodWorker.java:128)
at java.base/java.util.ArrayList.forEach(ArrayList.java:1511)
at org.testng.TestRunner.privateRun(TestRunner.java:808)
at org.testng.TestRunner.run(TestRunner.java:603)
at org.testng.SuiteRunner.runTest(SuiteRunner.java:429)
at org.testng.SuiteRunner.runSequentially(SuiteRunner.java:423)
at org.testng.SuiteRunner.privateRun(SuiteRunner.java:383)
at org.testng.SuiteRunner.run(SuiteRunner.java:326)
at org.testng.SuiteRunnerWorker.runSuite(SuiteRunnerWorker.java:52)
at org.testng.SuiteRunnerWorker.run(SuiteRunnerWorker.java:95)
at org.testng.TestNG.runSuitesSequentially(TestNG.java:1249)
at org.testng.TestNG.runSuitesLocally(TestNG.java:1169)
at org.testng.TestNG.runSuites(TestNG.java:1092)
at org.testng.TestNG.run(TestNG.java:1060)
at org.testng.remote.AbstractRemoteTestNG.run(AbstractRemoteTestNG.java:115)
at org.testng.remote.RemoteTestNG.initAndRun(RemoteTestNG.java:251)
at org.testng.remote.RemoteTestNG.main(RemoteTestNG.java:77)
]]>
            </full-stacktrace>
          </exception> <!-- io.cucumber.testng.UndefinedStepException -->
          <reporter-output>
          </reporter-output>
        </test-method> <!-- runScenario -->
        <test-method is-config="true" signature="tearDownClass()[pri:0, instance:TestAutomation.BDD.feature.TestCalculatorPage@41a0aa7d]" started-at="2022-03-03T09:55:23 IST" name="tearDownClass" finished-at="2022-03-03T09:55:23 IST" duration-ms="14" status="PASS">
          <reporter-output>
          </reporter-output>
        </test-method> <!-- tearDownClass -->
      </class> <!-- TestAutomation.BDD.feature.TestCalculatorPage -->
    </test> <!-- Default test -->
  </suite> <!-- Default suite -->
</testng-results>
