<?xml version="1.0" encoding="UTF-8"?>
<testng-results ignored="0" total="1" passed="1" failed="0" skipped="0">
  <reporter-output>
  </reporter-output>
  <suite started-at="2022-02-22T23:25:23 IST" name="Default suite" finished-at="2022-02-22T23:25:35 IST" duration-ms="12533">
    <groups>
    </groups>
    <test started-at="2022-02-22T23:25:23 IST" name="Default test" finished-at="2022-02-22T23:25:35 IST" duration-ms="12533">
      <class name="TestAutomation.SeleniumSAUCE.TestLoginPageOrangeHRMExtent">
        <test-method is-config="true" signature="setup()[pri:0, instance:TestAutomation.SeleniumSAUCE.TestLoginPageOrangeHRMExtent@2dc54ad4]" started-at="2022-02-22T23:25:23 IST" name="setup" finished-at="2022-02-22T23:25:30 IST" duration-ms="7388" status="PASS">
          <reporter-output>
          </reporter-output>
        </test-method> <!-- setup -->
        <test-method signature="testLogin()[pri:0, instance:TestAutomation.SeleniumSAUCE.TestLoginPageOrangeHRMExtent@2dc54ad4]" started-at="2022-02-22T23:25:30 IST" name="testLogin" finished-at="2022-02-22T23:25:34 IST" duration-ms="4569" status="PASS">
          <reporter-output>
          </reporter-output>
        </test-method> <!-- testLogin -->
        <test-method is-config="true" signature="writeTestLog(org.testng.ITestResult)[pri:0, instance:TestAutomation.SeleniumSAUCE.TestLoginPageOrangeHRMExtent@2dc54ad4]" started-at="2022-02-22T23:25:34 IST" name="writeTestLog" finished-at="2022-02-22T23:25:35 IST" duration-ms="226" status="PASS">
          <params>
            <param index="0">
              <value>
                <![CDATA[[TestResult name=testLogin status=SUCCESS method=TestLoginPageOrangeHRMExtent.testLogin()[pri:0, instance:TestAutomation.SeleniumSAUCE.TestLoginPageOrangeHRMExtent@2dc54ad4] output={null}]]]>
              </value>
            </param>
          </params>
          <reporter-output>
          </reporter-output>
        </test-method> <!-- writeTestLog -->
        <test-method is-config="true" signature="close()[pri:0, instance:TestAutomation.SeleniumSAUCE.TestLoginPageOrangeHRMExtent@2dc54ad4]" started-at="2022-02-22T23:25:35 IST" name="close" finished-at="2022-02-22T23:25:35 IST" duration-ms="321" status="PASS">
          <reporter-output>
          </reporter-output>
        </test-method> <!-- close -->
      </class> <!-- TestAutomation.SeleniumSAUCE.TestLoginPageOrangeHRMExtent -->
    </test> <!-- Default test -->
  </suite> <!-- Default suite -->
</testng-results>
