<?xml version="1.0" encoding="UTF-8"?>
<testng-results ignored="0" total="1" passed="1" failed="0" skipped="0">
  <reporter-output>
  </reporter-output>
  <suite started-at="2022-02-22T10:36:39 IST" name="Default suite" finished-at="2022-02-22T10:36:57 IST" duration-ms="18085">
    <groups>
    </groups>
    <test started-at="2022-02-22T10:36:39 IST" name="Default test" finished-at="2022-02-22T10:36:57 IST" duration-ms="18085">
      <class name="TestAutomation.SeleniumSAUCE.TestLoginPageOrangeHRM">
        <test-method is-config="true" signature="setup()[pri:0, instance:TestAutomation.SeleniumSAUCE.TestLoginPageOrangeHRM@71a8adcf]" started-at="2022-02-22T10:36:39 IST" name="setup" finished-at="2022-02-22T10:36:48 IST" duration-ms="8673" status="PASS">
          <reporter-output>
          </reporter-output>
        </test-method> <!-- setup -->
        <test-method signature="testLogin()[pri:0, instance:TestAutomation.SeleniumSAUCE.TestLoginPageOrangeHRM@71a8adcf]" started-at="2022-02-22T10:36:48 IST" name="testLogin" finished-at="2022-02-22T10:36:54 IST" duration-ms="6362" status="PASS">
          <reporter-output>
          </reporter-output>
        </test-method> <!-- testLogin -->
        <test-method is-config="true" signature="afterMethod(org.testng.ITestResult)[pri:0, instance:TestAutomation.SeleniumSAUCE.TestLoginPageOrangeHRM@71a8adcf]" started-at="2022-02-22T10:36:54 IST" name="afterMethod" finished-at="2022-02-22T10:36:55 IST" duration-ms="248" status="PASS">
          <params>
            <param index="0">
              <value>
                <![CDATA[[TestResult name=testLogin status=SUCCESS method=TestLoginPageOrangeHRM.testLogin()[pri:0, instance:TestAutomation.SeleniumSAUCE.TestLoginPageOrangeHRM@71a8adcf] output={null}]]]>
              </value>
            </param>
          </params>
          <reporter-output>
          </reporter-output>
        </test-method> <!-- afterMethod -->
        <test-method is-config="true" signature="close()[pri:0, instance:TestAutomation.SeleniumSAUCE.TestLoginPageOrangeHRM@71a8adcf]" started-at="2022-02-22T10:36:55 IST" name="close" finished-at="2022-02-22T10:36:57 IST" duration-ms="2775" status="PASS">
          <reporter-output>
          </reporter-output>
        </test-method> <!-- close -->
      </class> <!-- TestAutomation.SeleniumSAUCE.TestLoginPageOrangeHRM -->
    </test> <!-- Default test -->
  </suite> <!-- Default suite -->
</testng-results>
