<?xml version="1.0" encoding="UTF-8"?>
<!-- Generated by org.testng.reporters.JUnitXMLReporter -->
<testsuite ignored="0" hostname="EPINBANW02C7" failures="0" tests="30" name="LibraryFunctionality" time="0.12" errors="0" timestamp="2022-03-06T16:37:47 IST">
  <testcase classname="TestAutomation.testng.TestCatalogue" name="testAddToLibraryWithUnsupportedObject" time="0.004"/>
  <testcase classname="TestAutomation.testng.TestCatalogue" name="testCatalogueAddBook" time="0.003"/>
  <testcase classname="TestAutomation.testng.TestCatalogue" name="testCatalogueAddBooks" time="0.001"/>
  <testcase classname="TestAutomation.testng.TestCatalogue" name="testCatalogueAddBooks" time="0.002"/>
  <testcase classname="TestAutomation.testng.TestCatalogue" name="testCatalogueAddBooks" time="0.0"/>
  <testcase classname="TestAutomation.testng.TestCatalogue" name="testCatalogueAddBooks" time="0.001"/>
  <testcase classname="TestAutomation.testng.TestCatalogue" name="testCatalogueAddBooks" time="0.0"/>
  <testcase classname="TestAutomation.testng.TestCatalogue" name="testCatalogueAddBooks" time="0.002"/>
  <testcase classname="TestAutomation.testng.TestCatalogue" name="testCatalogueAddBooks" time="0.001"/>
  <testcase classname="TestAutomation.testng.TestCatalogue" name="testCatalogueAddBooks" time="0.0"/>
  <testcase classname="TestAutomation.testng.TestCatalogue" name="testCatalogueAddBooks" time="0.001"/>
  <testcase classname="TestAutomation.testng.TestCatalogue" name="testCatalogueAddBooks" time="0.001"/>
  <testcase classname="TestAutomation.testng.TestCatalogue" name="testCatalogueAddBooks" time="0.001"/>
  <testcase classname="TestAutomation.testng.TestCatalogue" name="testCatalogueRemoveNonExistingBook" time="0.001"/>
  <testcase classname="TestAutomation.testng.TestCatalogue" name="testCatalogueSearchByAuthorname" time="0.0"/>
  <testcase classname="TestAutomation.testng.TestCatalogue" name="testCatalogueSearchByAuthornameWhichDoesNotExist" time="0.001"/>
  <testcase classname="TestAutomation.testng.TestCatalogue" name="testCatalogueSearchByBookName" time="0.0"/>
  <testcase classname="TestAutomation.testng.TestCatalogue" name="testCatalogueSearchByBookNamePara" time="0.001"/>
  <testcase classname="TestAutomation.testng.TestCatalogue" name="testAddToLibraryWithSupportedObject" time="0.0"/>
  <testcase classname="TestAutomation.testng.TestCatalogue" name="testCatalogueRemoveBook" time="0.0"/>
  <testcase classname="TestAutomation.testng.TestCatalogue" name="testCatalogueSearchByBookNamewhichDoesNotExist" time="0.0"/>
  <testcase classname="TestAutomation.testng.TestLibrary" name="testActiveUser" time="0.002"/>
  <testcase classname="TestAutomation.testng.TestLibrary" name="testAddMember" time="0.001"/>
  <testcase classname="TestAutomation.testng.TestLibrary" name="testAddMember" time="0.001"/>
  <testcase classname="TestAutomation.testng.TestLibrary" name="testAddMember" time="0.0"/>
  <testcase classname="TestAutomation.testng.TestLibrary" name="testAddNewMember" time="0.0"/>
  <testcase classname="TestAutomation.testng.TestLibrary" name="testIssueBook" time="0.0"/>
  <testcase classname="TestAutomation.testng.TestLibrary" name="testdeActiveUser" time="0.001"/>
  <testcase classname="TestAutomation.testng.TestCatalogue" name="testARemoveNewlyAddedBook2" time="0.0"/>
  <testcase classname="TestAutomation.testng.TestCatalogue" name="testARemoveNewlyAddedBook" time="0.001"/>
</testsuite> <!-- LibraryFunctionality -->
