<?xml version="1.0" encoding="UTF-8"?>
<!-- Generated by org.testng.reporters.JUnitXMLReporter -->
<testsuite ignored="1" hostname="EPINBANW02C7" failures="0" tests="2" name="LoginPage" time="31.948" errors="0" timestamp="2022-03-01T12:44:34 IST">
  <testcase classname="io.cucumber.testng.AbstractTestNGCucumberTests" name="runScenario" time="19.774"/>
  <testcase classname="io.cucumber.testng.AbstractTestNGCucumberTests" name="runScenario" time="10.545"/>
  <testcase classname="TestAutomation.BDD.feature.TestLoginPage" name="testDummy" time="0.0">
    <ignored/>
  </testcase> <!-- testDummy -->
</testsuite> <!-- LoginPage -->
