<?xml version="1.0" encoding="UTF-8"?>
<testng-results ignored="0" total="7" passed="7" failed="0" skipped="0">
  <reporter-output>
  </reporter-output>
  <suite started-at="2022-03-08T21:52:29 IST" name="Automation" finished-at="2022-03-08T21:52:42 IST" duration-ms="12641">
    <groups>
    </groups>
    <test started-at="2022-03-08T21:52:29 IST" name="RestAPI" finished-at="2022-03-08T21:52:42 IST" duration-ms="12641">
      <class name="TestAutomation.RestAPIProject.OrangeHRM.RestAPIOrangeHRM">
        <test-method is-config="true" signature="setup(org.testng.ITestContext)[pri:0, instance:TestAutomation.RestAPIProject.OrangeHRM.RestAPIOrangeHRM@6cd28fa7]" started-at="2022-03-08T21:52:29 IST" name="setup" finished-at="2022-03-08T21:52:30 IST" duration-ms="531" status="PASS">
          <params>
            <param index="0">
              <value>
                <![CDATA[org.testng.TestRunner@38883a31]]>
              </value>
            </param>
          </params>
          <reporter-output>
          </reporter-output>
        </test-method> <!-- setup -->
        <test-method signature="testAttendanceSheet()[pri:1, instance:TestAutomation.RestAPIProject.OrangeHRM.RestAPIOrangeHRM@6cd28fa7]" started-at="2022-03-08T21:52:30 IST" name="testAttendanceSheet" finished-at="2022-03-08T21:52:32 IST" duration-ms="2759" status="PASS">
          <reporter-output>
          </reporter-output>
        </test-method> <!-- testAttendanceSheet -->
        <test-method signature="testAttendanceSheetWithID()[pri:2, instance:TestAutomation.RestAPIProject.OrangeHRM.RestAPIOrangeHRM@6cd28fa7]" started-at="2022-03-08T21:52:32 IST" name="testAttendanceSheetWithID" finished-at="2022-03-08T21:52:34 IST" duration-ms="1819" status="PASS">
          <reporter-output>
          </reporter-output>
        </test-method> <!-- testAttendanceSheetWithID -->
        <test-method signature="testConfig()[pri:3, instance:TestAutomation.RestAPIProject.OrangeHRM.RestAPIOrangeHRM@6cd28fa7]" started-at="2022-03-08T21:52:34 IST" name="testConfig" finished-at="2022-03-08T21:52:36 IST" duration-ms="1449" status="PASS">
          <reporter-output>
          </reporter-output>
        </test-method> <!-- testConfig -->
        <test-method signature="testAttendanceRecordsPunchIn()[pri:4, instance:TestAutomation.RestAPIProject.OrangeHRM.RestAPIOrangeHRM@6cd28fa7]" started-at="2022-03-08T21:52:36 IST" name="testAttendanceRecordsPunchIn" finished-at="2022-03-08T21:52:37 IST" duration-ms="1746" status="PASS">
          <reporter-output>
          </reporter-output>
        </test-method> <!-- testAttendanceRecordsPunchIn -->
        <test-method signature="testAttendanceRecordsPunchOut()[pri:5, instance:TestAutomation.RestAPIProject.OrangeHRM.RestAPIOrangeHRM@6cd28fa7]" started-at="2022-03-08T21:52:37 IST" name="testAttendanceRecordsPunchOut" finished-at="2022-03-08T21:52:39 IST" duration-ms="1524" status="PASS">
          <reporter-output>
          </reporter-output>
        </test-method> <!-- testAttendanceRecordsPunchOut -->
        <test-method signature="testInvalidFormat()[pri:6, instance:TestAutomation.RestAPIProject.OrangeHRM.RestAPIOrangeHRM@6cd28fa7]" started-at="2022-03-08T21:52:39 IST" name="testInvalidFormat" finished-at="2022-03-08T21:52:40 IST" duration-ms="1345" status="PASS">
          <reporter-output>
          </reporter-output>
        </test-method> <!-- testInvalidFormat -->
        <test-method signature="testDelete()[pri:7, instance:TestAutomation.RestAPIProject.OrangeHRM.RestAPIOrangeHRM@6cd28fa7]" started-at="2022-03-08T21:52:40 IST" name="testDelete" finished-at="2022-03-08T21:52:42 IST" duration-ms="1434" status="PASS">
          <reporter-output>
          </reporter-output>
        </test-method> <!-- testDelete -->
      </class> <!-- TestAutomation.RestAPIProject.OrangeHRM.RestAPIOrangeHRM -->
    </test> <!-- RestAPI -->
  </suite> <!-- Automation -->
</testng-results>
