<?xml version="1.0" encoding="UTF-8"?>
<testng-results ignored="0" total="5" passed="5" failed="0" skipped="0">
  <reporter-output>
  </reporter-output>
  <suite started-at="2022-03-10T21:07:05 IST" name="TestOrangeHRM" finished-at="2022-03-10T21:08:40 IST" duration-ms="94916">
    <groups>
    </groups>
    <test started-at="2022-03-10T21:07:05 IST" name="AttendanceSheetPage" finished-at="2022-03-10T21:08:40 IST" duration-ms="94916">
      <class name="TestAutomation.SeleniumProject.OrangeHRM.TestAttendanceSheetPage">
        <test-method is-config="true" signature="setup(org.testng.ITestContext)[pri:0, instance:TestAutomation.SeleniumProject.OrangeHRM.TestAttendanceSheetPage@229c6181]" started-at="2022-03-10T21:07:05 IST" name="setup" finished-at="2022-03-10T21:07:12 IST" duration-ms="7102" status="PASS">
          <params>
            <param index="0">
              <value>
                <![CDATA[org.testng.TestRunner@6732726]]>
              </value>
            </param>
          </params>
          <reporter-output>
          </reporter-output>
        </test-method> <!-- setup -->
        <test-method signature="testLogin()[pri:1, instance:TestAutomation.SeleniumProject.OrangeHRM.TestAttendanceSheetPage@229c6181]" started-at="2022-03-10T21:07:12 IST" name="testLogin" finished-at="2022-03-10T21:07:19 IST" duration-ms="7029" status="PASS">
          <reporter-output>
          </reporter-output>
        </test-method> <!-- testLogin -->
        <test-method signature="testDashboard()[pri:2, instance:TestAutomation.SeleniumProject.OrangeHRM.TestAttendanceSheetPage@229c6181]" started-at="2022-03-10T21:07:19 IST" name="testDashboard" finished-at="2022-03-10T21:07:20 IST" duration-ms="199" status="PASS">
          <reporter-output>
          </reporter-output>
        </test-method> <!-- testDashboard -->
        <test-method signature="testAttendanceSheet()[pri:3, instance:TestAutomation.SeleniumProject.OrangeHRM.TestAttendanceSheetPage@229c6181]" started-at="2022-03-10T21:07:20 IST" name="testAttendanceSheet" finished-at="2022-03-10T21:07:45 IST" duration-ms="25337" status="PASS">
          <reporter-output>
          </reporter-output>
        </test-method> <!-- testAttendanceSheet -->
        <test-method signature="testPunchInOut()[pri:4, instance:TestAutomation.SeleniumProject.OrangeHRM.TestAttendanceSheetPage@229c6181]" started-at="2022-03-10T21:07:45 IST" name="testPunchInOut" finished-at="2022-03-10T21:08:24 IST" duration-ms="39008" status="PASS">
          <reporter-output>
          </reporter-output>
        </test-method> <!-- testPunchInOut -->
        <test-method signature="testTotalTime()[pri:5, instance:TestAutomation.SeleniumProject.OrangeHRM.TestAttendanceSheetPage@229c6181]" started-at="2022-03-10T21:08:24 IST" name="testTotalTime" finished-at="2022-03-10T21:08:40 IST" duration-ms="16206" status="PASS">
          <reporter-output>
          </reporter-output>
        </test-method> <!-- testTotalTime -->
      </class> <!-- TestAutomation.SeleniumProject.OrangeHRM.TestAttendanceSheetPage -->
    </test> <!-- AttendanceSheetPage -->
  </suite> <!-- TestOrangeHRM -->
</testng-results>
