<?xml version="1.0" encoding="UTF-8"?>
<!-- Generated by org.testng.reporters.JUnitXMLReporter -->
<testsuite ignored="0" hostname="EPINBANW02C7" failures="0" tests="4" name="Default test" time="3.0" errors="0" timestamp="2022-02-14T08:50:03 IST">
  <testcase classname="TestAutomation.restassured.TestApiAssignment" name="testApiPOSTResponse" time="0.15"/>
  <testcase classname="TestAutomation.restassured.TestApiAssignment" name="testApiGETResponse" time="0.121"/>
  <testcase classname="TestAutomation.restassured.TestApiAssignment" name="testApiPUTResponse" time="0.139"/>
  <testcase classname="TestAutomation.restassured.TestApiAssignment" name="testApiDELETEResponse" time="0.132"/>
</testsuite> <!-- Default test -->
