<?xml version="1.0" encoding="UTF-8"?>
<!-- Generated by org.testng.reporters.JUnitXMLReporter -->
<testsuite ignored="0" hostname="EPINBANW02C7" failures="0" tests="2" name="Default test" time="3.202" errors="0" timestamp="2022-02-15T09:34:24 IST">
  <testcase classname="TestAutomation.restassured.RestAssuredAssignment" name="testGetonGetObject" time="1.367"/>
  <testcase classname="TestAutomation.restassured.RestAssuredAssignment" name="testPostonPostObject" time="1.282"/>
</testsuite> <!-- Default test -->
