<?xml version="1.0" encoding="UTF-8"?>
<testng-results ignored="0" total="7" passed="7" failed="0" skipped="0">
  <reporter-output>
  </reporter-output>
  <suite started-at="2022-02-28T09:52:50 IST" name="Default suite" finished-at="2022-02-28T09:52:50 IST" duration-ms="433">
    <groups>
    </groups>
    <test started-at="2022-02-28T09:52:50 IST" name="Default test" finished-at="2022-02-28T09:52:50 IST" duration-ms="433">
      <class name="TestAutomation.DatabaseTest.TestStructuralDB">
        <test-method is-config="true" signature="setup()[pri:0, instance:TestAutomation.DatabaseTest.TestStructuralDB@10feca44]" started-at="2022-02-28T09:52:50 IST" name="setup" finished-at="2022-02-28T09:52:50 IST" duration-ms="346" status="PASS">
          <reporter-output>
          </reporter-output>
        </test-method> <!-- setup -->
        <test-method signature="testColumnNames()[pri:0, instance:TestAutomation.DatabaseTest.TestStructuralDB@10feca44]" started-at="2022-02-28T09:52:50 IST" name="testColumnNames" finished-at="2022-02-28T09:52:50 IST" duration-ms="36" status="PASS">
          <reporter-output>
          </reporter-output>
        </test-method> <!-- testColumnNames -->
        <test-method signature="testColumnsDataSize()[pri:0, instance:TestAutomation.DatabaseTest.TestStructuralDB@10feca44]" started-at="2022-02-28T09:52:50 IST" name="testColumnsDataSize" finished-at="2022-02-28T09:52:50 IST" duration-ms="3" status="PASS">
          <reporter-output>
          </reporter-output>
        </test-method> <!-- testColumnsDataSize -->
        <test-method signature="testColumnsDataType()[pri:0, instance:TestAutomation.DatabaseTest.TestStructuralDB@10feca44]" started-at="2022-02-28T09:52:50 IST" name="testColumnsDataType" finished-at="2022-02-28T09:52:50 IST" duration-ms="3" status="PASS">
          <reporter-output>
          </reporter-output>
        </test-method> <!-- testColumnsDataType -->
        <test-method signature="testConstraints()[pri:0, instance:TestAutomation.DatabaseTest.TestStructuralDB@10feca44]" started-at="2022-02-28T09:52:50 IST" name="testConstraints" finished-at="2022-02-28T09:52:50 IST" duration-ms="3" status="PASS">
          <reporter-output>
          </reporter-output>
        </test-method> <!-- testConstraints -->
        <test-method signature="testNullable()[pri:0, instance:TestAutomation.DatabaseTest.TestStructuralDB@10feca44]" started-at="2022-02-28T09:52:50 IST" name="testNullable" finished-at="2022-02-28T09:52:50 IST" duration-ms="2" status="PASS">
          <reporter-output>
          </reporter-output>
        </test-method> <!-- testNullable -->
        <test-method signature="testNumberofColumns()[pri:0, instance:TestAutomation.DatabaseTest.TestStructuralDB@10feca44]" started-at="2022-02-28T09:52:50 IST" name="testNumberofColumns" finished-at="2022-02-28T09:52:50 IST" duration-ms="3" status="PASS">
          <reporter-output>
          </reporter-output>
        </test-method> <!-- testNumberofColumns -->
        <test-method signature="testTablesExistence()[pri:0, instance:TestAutomation.DatabaseTest.TestStructuralDB@10feca44]" started-at="2022-02-28T09:52:50 IST" name="testTablesExistence" finished-at="2022-02-28T09:52:50 IST" duration-ms="3" status="PASS">
          <reporter-output>
          </reporter-output>
        </test-method> <!-- testTablesExistence -->
      </class> <!-- TestAutomation.DatabaseTest.TestStructuralDB -->
    </test> <!-- Default test -->
  </suite> <!-- Default suite -->
</testng-results>
