<?xml version="1.0" encoding="UTF-8"?>
<!-- Generated by org.testng.reporters.JUnitXMLReporter -->
<testsuite ignored="0" hostname="EPINBANW02C7" failures="0" tests="7" name="Default test" time="0.433" errors="0" timestamp="2022-02-28T09:52:50 IST">
  <testcase classname="TestAutomation.DatabaseTest.TestStructuralDB" name="testColumnNames" time="0.036"/>
  <testcase classname="TestAutomation.DatabaseTest.TestStructuralDB" name="testColumnsDataSize" time="0.003"/>
  <testcase classname="TestAutomation.DatabaseTest.TestStructuralDB" name="testColumnsDataType" time="0.003"/>
  <testcase classname="TestAutomation.DatabaseTest.TestStructuralDB" name="testConstraints" time="0.003"/>
  <testcase classname="TestAutomation.DatabaseTest.TestStructuralDB" name="testNullable" time="0.002"/>
  <testcase classname="TestAutomation.DatabaseTest.TestStructuralDB" name="testNumberofColumns" time="0.003"/>
  <testcase classname="TestAutomation.DatabaseTest.TestStructuralDB" name="testTablesExistence" time="0.003"/>
</testsuite> <!-- Default test -->
