<?xml version="1.0" encoding="UTF-8"?>
<!-- Generated by org.testng.reporters.JUnitXMLReporter -->
<testsuite ignored="1" hostname="EPINBANW02C7" failures="0" tests="4" name="MyFirstTest" time="0.035" errors="0" timestamp="2022-03-06T16:37:18 IST">
  <testcase classname="TestAutomation.testng.AppTest" name="testApp" time="0.005"/>
  <testcase classname="TestAutomation.testng.AppTest" name="testApp1" time="0.0"/>
  <testcase classname="TestAutomation.testng.AppTest" name="testApp2" time="0.0"/>
  <testcase classname="TestAutomation.testng.TestIgnore" name="testApp1" time="0.0"/>
  <testcase classname="TestAutomation.testng.TestIgnore" name="testApp2" time="0.0">
    <ignored/>
  </testcase> <!-- testApp2 -->
</testsuite> <!-- MyFirstTest -->
