<?xml version="1.0" encoding="UTF-8"?>
<!-- Generated by org.testng.reporters.JUnitXMLReporter -->
<testsuite ignored="0" hostname="EPINBANW02C7" failures="0" tests="13" name="RestAPI" time="20.554" errors="0" timestamp="2022-03-09T14:02:40 IST">
  <testcase classname="TestAutomation.RestAPIProject.OrangeHRM.RestAPIOrangeHRM" name="testAttendanceSheet" time="2.52"/>
  <testcase classname="TestAutomation.RestAPIProject.OrangeHRM.RestAPIOrangeHRM" name="testAttendanceSheetWithID" time="1.793"/>
  <testcase classname="TestAutomation.RestAPIProject.OrangeHRM.RestAPIOrangeHRM" name="testTotalHours" time="1.776"/>
  <testcase classname="TestAutomation.RestAPIProject.OrangeHRM.RestAPIOrangeHRM" name="testConfig" time="1.229"/>
  <testcase classname="TestAutomation.RestAPIProject.OrangeHRM.RestAPIOrangeHRM" name="testAttendanceRecordsPunchIn" time="1.295"/>
  <testcase classname="TestAutomation.RestAPIProject.OrangeHRM.RestAPIOrangeHRM" name="testInvalidPunchIn" time="1.325"/>
  <testcase classname="TestAutomation.RestAPIProject.OrangeHRM.RestAPIOrangeHRM" name="testAttendanceRecordsPunchOut" time="1.366"/>
  <testcase classname="TestAutomation.RestAPIProject.OrangeHRM.RestAPIOrangeHRM" name="testTotalHoursAfterPunchOut" time="1.726"/>
  <testcase classname="TestAutomation.RestAPIProject.OrangeHRM.RestAPIOrangeHRM" name="testInvalidPunchOut" time="1.284"/>
  <testcase classname="TestAutomation.RestAPIProject.OrangeHRM.RestAPIOrangeHRM" name="testInvalidFormat" time="1.259"/>
  <testcase classname="TestAutomation.RestAPIProject.OrangeHRM.RestAPIOrangeHRM" name="testOverlappingRecords" time="1.33"/>
  <testcase classname="TestAutomation.RestAPIProject.OrangeHRM.RestAPIOrangeHRM" name="testDelete" time="1.265"/>
  <testcase classname="TestAutomation.RestAPIProject.OrangeHRM.RestAPIOrangeHRM" name="testTotalHoursAfterDeleting" time="1.889"/>
</testsuite> <!-- RestAPI -->
