<?xml version="1.0" encoding="UTF-8"?>
<!-- Generated by org.testng.reporters.JUnitXMLReporter -->
<testsuite ignored="0" hostname="EPINBANW02C7" failures="0" tests="7" name="RestAPI" time="12.641" errors="0" timestamp="2022-03-08T21:52:42 IST">
  <testcase classname="TestAutomation.RestAPIProject.OrangeHRM.RestAPIOrangeHRM" name="testAttendanceSheet" time="2.759"/>
  <testcase classname="TestAutomation.RestAPIProject.OrangeHRM.RestAPIOrangeHRM" name="testAttendanceSheetWithID" time="1.819"/>
  <testcase classname="TestAutomation.RestAPIProject.OrangeHRM.RestAPIOrangeHRM" name="testConfig" time="1.449"/>
  <testcase classname="TestAutomation.RestAPIProject.OrangeHRM.RestAPIOrangeHRM" name="testAttendanceRecordsPunchIn" time="1.746"/>
  <testcase classname="TestAutomation.RestAPIProject.OrangeHRM.RestAPIOrangeHRM" name="testAttendanceRecordsPunchOut" time="1.524"/>
  <testcase classname="TestAutomation.RestAPIProject.OrangeHRM.RestAPIOrangeHRM" name="testInvalidFormat" time="1.345"/>
  <testcase classname="TestAutomation.RestAPIProject.OrangeHRM.RestAPIOrangeHRM" name="testDelete" time="1.434"/>
</testsuite> <!-- RestAPI -->
