<?xml version="1.0" encoding="UTF-8"?>
<!-- Generated by org.testng.reporters.JUnitXMLReporter -->
<testsuite ignored="0" hostname="EPINBANW02C7" failures="0" tests="6" name="ProgramsPage" time="54.221" errors="0" timestamp="2022-03-14T17:58:22 IST">
  <testcase classname="TestAutomation.ProgramsPortal.Selenium.TestCases.TestProgramsPortal" name="testCookies" time="7.508"/>
  <testcase classname="TestAutomation.ProgramsPortal.Selenium.TestCases.TestProgramsPortal" name="testSignInPage" time="3.153"/>
  <testcase classname="TestAutomation.ProgramsPortal.Selenium.TestCases.TestProgramsPortal" name="testSignUpPage" time="9.305"/>
  <testcase classname="TestAutomation.ProgramsPortal.Selenium.TestCases.TestProgramsPortal" name="testSignInPageAfterSignUp" time="9.273"/>
  <testcase classname="TestAutomation.ProgramsPortal.Selenium.TestCases.TestProgramsPortal" name="testProgramsPage" time="9.274"/>
  <testcase classname="TestAutomation.ProgramsPortal.Selenium.TestCases.TestProgramsPortal" name="testSpeakersPage" time="15.471"/>
</testsuite> <!-- ProgramsPage -->
