<?xml version="1.0" encoding="UTF-8"?>
<testng-results ignored="0" total="2" passed="2" failed="0" skipped="0">
  <reporter-output>
  </reporter-output>
  <suite started-at="2022-02-24T01:17:42 IST" name="Automation" finished-at="2022-02-24T01:19:09 IST" duration-ms="86676">
    <groups>
    </groups>
    <test started-at="2022-02-24T01:17:42 IST" name="Selenium" finished-at="2022-02-24T01:19:09 IST" duration-ms="86676">
      <class name="testcases.TestUsersPage">
        <test-method is-config="true" signature="setup(org.testng.ITestContext)[pri:0, instance:testcases.TestUsersPage@2c1b194a]" started-at="2022-02-24T01:17:42 IST" name="setup" finished-at="2022-02-24T01:17:48 IST" duration-ms="5183" status="PASS">
          <params>
            <param index="0">
              <value>
                <![CDATA[org.testng.TestRunner@421056e5]]>
              </value>
            </param>
          </params>
          <reporter-output>
          </reporter-output>
        </test-method> <!-- setup -->
        <test-method signature="testLogin()[pri:1, instance:testcases.TestUsersPage@2c1b194a]" started-at="2022-02-24T01:17:48 IST" name="testLogin" finished-at="2022-02-24T01:17:58 IST" duration-ms="10624" status="PASS">
          <reporter-output>
          </reporter-output>
        </test-method> <!-- testLogin -->
        <test-method signature="testAmanda()[pri:2, instance:testcases.TestUsersPage@2c1b194a]" started-at="2022-02-24T01:17:58 IST" name="testAmanda" finished-at="2022-02-24T01:19:09 IST" duration-ms="70842" status="PASS">
          <reporter-output>
          </reporter-output>
        </test-method> <!-- testAmanda -->
      </class> <!-- testcases.TestUsersPage -->
    </test> <!-- Selenium -->
  </suite> <!-- Automation -->
</testng-results>
