<?xml version="1.0" encoding="UTF-8"?>
<!-- Generated by org.testng.reporters.JUnitXMLReporter -->
<testsuite ignored="0" hostname="EPINBANW02C7" failures="0" tests="3" name="LoginPage" time="39.908" errors="0" timestamp="2022-02-23T18:39:02 IST">
  <testcase classname="testcases.TestLoginPage" name="testLogin" time="11.926"/>
  <testcase classname="testcases.TestLoginPage" name="testLoginUsingJavascript" time="10.605"/>
  <testcase classname="testcases.TestLoginPage" name="testLoginwithProxy" time="9.761"/>
</testsuite> <!-- LoginPage -->
